Ganache CLI v6.1.6 (ganache-core: 2.1.5)

Available Accounts
==================
(0) 0x11d35fa96df26c384403ab71ce1a5b4e29bbb9fe (~100 ETH)
(1) 0x146f1e57842ef744d620ed8b91841baeb2e534f3 (~100 ETH)
(2) 0x3d52a86cb295d51f761172a668550be52e13d569 (~100 ETH)
(3) 0x9ab2665097770e9bb3842d379556d1f3dc1083c9 (~100 ETH)
(4) 0xf61ff4e75b53c6c2c563a65e06fabfba48f048a9 (~100 ETH)
(5) 0xc6718bb54b9b3cdfa4cd3672ab038488c6b7109e (~100 ETH)
(6) 0x57d27f71f361ffc74627387b0bf50939a1c31d6e (~100 ETH)
(7) 0x71d20994825e8435d3f2627d4a3bad21ffa4262d (~100 ETH)
(8) 0xc48485e996c05263ee9780b92494aff6b5f5b61c (~100 ETH)
(9) 0xb72a046892a304bbb5412e9356adbccf82fae303 (~100 ETH)

Private Keys
==================
(0) 0x9dc32f315aab77839a3c96f4f25873ee4046fb30bc2ea919a64817fb68b5ff09
(1) 0x2eeeaad9c1379208363ca5b2fc929c9c507ef6507358b72d65b719347a3af89d
(2) 0xf0ecad78397d414b39b764f3799154780da04ba101095340f91800bd670fd289
(3) 0x49f28b75c3c8d8d9b7dbb30d617d09a05351185d6697f18bc57401366377461a
(4) 0x1d3dac2c25df24259edcd6fdd10bd37cd37f28480af935a0ab70830e7de0c8f7
(5) 0x1d27ac19b14252b235460853e5a8f48d7dc4d9483c5e5b5cf2ea8b40271ec157
(6) 0x681c4c417677c9f475eb371febdb6c222eabb055ffa51f2a3e40f133bcb9aa85
(7) 0xd84e4676473c1a8a6678a54febc2a6057df01bb3e5d2ec3e696e61509ea61935
(8) 0xe509ff49bfdf09038b71ce3367c81171e8a4ac8579a6962fd5f2d37e122b9fd6
(9) 0xb05901f130380020ad534e4ae5beea356feb39617d2fd26301b57bb34fa76784

HD Wallet
==================
Mnemonic:      estate pumpkin scissors buzz foam hold infant slam ship youth vanish scrub
Base HD Path:  m/44'/60'/0'/0/{account_index}

Gas Price
==================
20000000000

Gas Limit
==================
6721975

Listening on 127.0.0.1:8545
eth_accounts
eth_accounts
net_version
net_version
eth_sendTransaction

  Transaction: 0xe721748b528fb9b8a50b89353348a24ae9c9decd66d5302870e30f7ec19ed541
  Contract created: 0xd8e3a0bd864fa1b16fc96184edb720cbb6d74b05
  Gas usage: 277462
  Block Number: 1
  Block Time: Thu Aug 02 2018 16:32:22 GMT+0100 (BST)

eth_newBlockFilter
eth_getFilterChanges
eth_getTransactionReceipt
eth_getCode
eth_uninstallFilter
eth_sendTransaction

  Transaction: 0xff90bc1fea89ba883b489e3ffc00f04a759a1b0633581008a785d7f297f32400
  Gas usage: 42008
  Block Number: 2
  Block Time: Thu Aug 02 2018 16:32:22 GMT+0100 (BST)

eth_getTransactionReceipt
eth_accounts
net_version
net_version
eth_sendTransaction

  Transaction: 0xd2d249694afc4bc96d9f9bc16fbc56811b01dac78ca7506f60b610bef6ad6a12
  Contract created: 0xe6253a2e7df1ed3cabe851cb3e58e476b76a262f
  Gas usage: 1236494
  Block Number: 3
  Block Time: Thu Aug 02 2018 16:32:23 GMT+0100 (BST)

eth_newBlockFilter
eth_getFilterChanges
eth_getTransactionReceipt
eth_getCode
eth_uninstallFilter
eth_accounts
net_version
net_version
eth_sendTransaction

  Transaction: 0xbc5e85021f1ae99cb25a5ca62a549f7013e34819cdea1e092977b96ca0fe0c99
  Contract created: 0x46981fce08683581fd92ce677979cdd7cfc8185e
  Gas usage: 1252190
  Block Number: 4
  Block Time: Thu Aug 02 2018 16:32:23 GMT+0100 (BST)

eth_newBlockFilter
eth_getFilterChanges
eth_getTransactionReceipt
eth_getCode
eth_uninstallFilter
eth_accounts
net_version
eth_sendTransaction

  Transaction: 0x3062538a83413e65c16050540375affa1eb9d54f88b52416d13e1eab6dd3db1a
  Gas usage: 781238
  Block Number: 5
  Block Time: Thu Aug 02 2018 16:32:23 GMT+0100 (BST)

eth_getTransactionReceipt
eth_sendTransaction

  Transaction: 0x98d6090570ff254fa6b97290bc3b3fae2765c7c9b394ea6cc9670cd5def9e009
  Gas usage: 781238
  Block Number: 6
  Block Time: Thu Aug 02 2018 16:32:24 GMT+0100 (BST)

eth_getTransactionReceipt
eth_call
eth_call
net_version
net_version
net_version
eth_sendTransaction

  Transaction: 0x9d5afa7434c0e153475bf19179d196c18f537dc440ed825e783f4baf0a36b34e
  Contract created: 0x43c7df6f697208c2a5de478bc6d164998180c80a
  Gas usage: 4372685
  Block Number: 7
  Block Time: Thu Aug 02 2018 16:32:24 GMT+0100 (BST)

eth_newBlockFilter
eth_getFilterChanges
eth_getTransactionReceipt
eth_getCode
eth_uninstallFilter
