Ganache CLI v6.1.6 (ganache-core: 2.1.5)

Available Accounts
==================
(0) 0x286614c9e3cf70b92f903a7704309188b958ea25 (~100 ETH)
(1) 0x2b3d0b32023505e60258c6dcb596a58e198094d3 (~100 ETH)
(2) 0xb165dc28f032679d4441abe581a1ebac67187625 (~100 ETH)
(3) 0xd2fcb13caf7ef6ce27a98a81df6a7baa3f806422 (~100 ETH)
(4) 0x0a12c0e298e165705cb5a26556856fc01cb9c1a6 (~100 ETH)
(5) 0xb20000a57c22a90c964d0cd5f0a6f83960d5df9f (~100 ETH)
(6) 0xa879d37dec613a11e7bec7d6d4c6fedea06d801a (~100 ETH)
(7) 0x4701505a2df38ccf96bf4d8623eddda34f2d6958 (~100 ETH)
(8) 0xe240952d974be36ca5af5c73fcf997089a7ff801 (~100 ETH)
(9) 0xcccb09f4c853a9677509570d47e6c60f235c702d (~100 ETH)

Private Keys
==================
(0) 0x9fc4e5a93b8b7237c5d42cc7849720e1be933517c0a1988aec1bebd1a1111b36
(1) 0x11b4aea7aacecc77ec603a2b7e938ebdb03916e2d4b9086df3877c9073d61837
(2) 0xda8be5d8153e102fbffa13c2a0a1e6b39df956c488574d8bb3402a73c6b9939e
(3) 0x2a4c26ddc602ca420cb24e1c7cb60f0b2c289947fd90e337a8545eb6bbfbbddf
(4) 0xb7c4c3cfda184c591f394d2080774c42252ca3a9462afbfff3c74cab6164f7a7
(5) 0x1c4ae20fbf3fb4c06f9fa535c0bf10b5c1e4e7712f244d9862fa58f1bdd8a928
(6) 0x2c7c7a33e3378fd27fab83a23dcb9d0a6114378a3a7f91a2531f9112dc667879
(7) 0x8d4675d2aead328fa81dcc2e38bbb4a1c94bcedb92dee912cdb0d9b66dcbcbf9
(8) 0x0fc087a46888fa0a720b100fede6cb2125c9b2e7b9e835441f2005183ca81948
(9) 0xd8a0364c40da72448d348a6eaf22f3a467a81c71cd5081d3d42e8ca43aa9b9b2

HD Wallet
==================
Mnemonic:      icon area glue acquire turn wolf history speed maximum cup daughter crumble
Base HD Path:  m/44'/60'/0'/0/{account_index}

Gas Price
==================
20000000000

Gas Limit
==================
6721975

Listening on 127.0.0.1:8545
eth_accounts
eth_accounts
net_version
net_version
eth_sendTransaction

  Transaction: 0xe721748b528fb9b8a50b89353348a24ae9c9decd66d5302870e30f7ec19ed541
  Contract created: 0x518395b973d9c1e5cc1874e3b8a5988c0118ea93
  Gas usage: 277462
  Block Number: 1
  Block Time: Thu Aug 02 2018 16:40:27 GMT+0100 (BST)

eth_newBlockFilter
eth_getFilterChanges
eth_getTransactionReceipt
eth_getCode
eth_uninstallFilter
eth_sendTransaction

  Transaction: 0xee6d08338b3a8b713b35c3f6ab8aeded258afd9dde94b8635d6ae11d2d8315c9
  Gas usage: 42008
  Block Number: 2
  Block Time: Thu Aug 02 2018 16:40:28 GMT+0100 (BST)

eth_getTransactionReceipt
eth_accounts
net_version
net_version
eth_sendTransaction

  Transaction: 0xd2d249694afc4bc96d9f9bc16fbc56811b01dac78ca7506f60b610bef6ad6a12
  Contract created: 0xfcce6520eb024d3adf1ae553c4cf9ddcbce5e2c5
  Gas usage: 1236494
  Block Number: 3
  Block Time: Thu Aug 02 2018 16:40:29 GMT+0100 (BST)

eth_newBlockFilter
eth_getFilterChanges
eth_getTransactionReceipt
eth_getCode
eth_uninstallFilter
eth_accounts
net_version
net_version
eth_sendTransaction

  Transaction: 0xbc5e85021f1ae99cb25a5ca62a549f7013e34819cdea1e092977b96ca0fe0c99
  Contract created: 0x1949872ee1e8afbc3458c37bb5d5747e47d74515
  Gas usage: 1252190
  Block Number: 4
  Block Time: Thu Aug 02 2018 16:40:29 GMT+0100 (BST)

eth_newBlockFilter
eth_getFilterChanges
eth_getTransactionReceipt
eth_getCode
eth_uninstallFilter
eth_accounts
net_version
eth_sendTransaction

  Transaction: 0xdbd9c67a4d9b225233c61c42e3c3c83c9c4815a77149a4f4c9f91d0c48636f56
  Gas usage: 781238
  Block Number: 5
  Block Time: Thu Aug 02 2018 16:40:29 GMT+0100 (BST)

eth_getTransactionReceipt
eth_sendTransaction

  Transaction: 0xd511a2a6bf1444f3361d932ae30e0c037c9bfc716b527831805c8e2dc852c734
  Gas usage: 781238
  Block Number: 6
  Block Time: Thu Aug 02 2018 16:40:29 GMT+0100 (BST)

eth_getTransactionReceipt
eth_call
eth_call
net_version
net_version
net_version
eth_sendTransaction

  Transaction: 0x2cbfd592c295c00385854e40ab6716036cb5d07cdd9fe2a747e0c93e6973fdcb
  Contract created: 0x14e27e58cb9801f2b742d3e64b6056cc1e59c925
  Gas usage: 4372749
  Block Number: 7
  Block Time: Thu Aug 02 2018 16:40:29 GMT+0100 (BST)

eth_newBlockFilter
eth_getFilterChanges
eth_getTransactionReceipt
eth_getCode
eth_uninstallFilter
